<?xml version="1.0" encoding="UTF-8"?>
<!-- Generated by org.testng.reporters.JUnitReportReporter -->
<testsuite hostname="LAPTOP-9U5L4TOI" failures="0" tests="3" name="testjava.HomePageTest" time="0.475" errors="0" timestamp="2022-07-24T20:06:14 IST" skipped="0">
  <testcase classname="testjava.HomePageTest" name="verifyTitleOfHomePage" time="0.046"/>
  <system-out/>
  <testcase classname="testjava.HomePageTest" name="verifyUrlofHomePage" time="0.075"/>
  <system-out/>
  <testcase classname="testjava.HomePageTest" name="selectElementsop" time="0.354"/>
  <system-out/>
</testsuite> <!-- testjava.HomePageTest -->
