<?xml version="1.0" encoding="UTF-8"?>
<!-- Generated by org.testng.reporters.JUnitReportReporter -->
<testsuite hostname="LAPTOP-9U5L4TOI" failures="0" tests="1" name="testjava.AllTestPage" time="17.000" errors="0" timestamp="2022-07-26T13:28:34 IST" skipped="0">
  <testcase classname="testjava.AllTestPage" name="allTest" time="17.000"/>
  <system-out>
    <![CDATA[Verifying Title Of Page-: ToolsQA
Verifying Current URl Of Page :- https://demoqa.com/
Selecting Elements Option on Home Page
Verifyiing Text Fields On Elements Page
Entering Values in Text Fields
Submit Button is Clicked Successfully
Verifyiing Check Box Option on Elements Page
Home Check Box is Clicked Successfully
Verifyiing Radio Button Option on Elements Page
Go Back To Home Page By Clicking On ToolsQA logo
ToolsQA Logo is Clicked Successfully
Select Alert Option From Home Page
Verifying Alert By Clicking click me Button
clicking on Alerts from Alerts, Frame & Windows
click me button is Clicked Successfully]]>
  </system-out>
</testsuite> <!-- testjava.AllTestPage -->
