<?xml version="1.0" encoding="UTF-8"?>
<!-- Generated by org.testng.reporters.JUnitReportReporter -->
<testsuite hostname="LAPTOP-9U5L4TOI" failures="0" tests="3" name="testjava.ElementsPageTest" time="11.797" errors="0" timestamp="2022-07-22T10:17:48 IST" skipped="0">
  <testcase classname="testjava.ElementsPageTest" name="toReturnHomePage" time="3.120"/>
  <system-out/>
  <testcase classname="testjava.ElementsPageTest" name="verifyTextFields" time="2.453"/>
  <system-out/>
  <testcase classname="testjava.ElementsPageTest" name="verifyingCheckBoxAndRadiButton" time="6.224"/>
  <system-out/>
</testsuite> <!-- testjava.ElementsPageTest -->
